[0213/103143.151:ERROR:process_info.cc(359)] UncheckedAllocate
[0213/103143.166:ERROR:process_memory_win.cc(73)] ReadMemory at 0x7ffd59ae14d0 of 512 bytes failed: Error (0x13D) while retrieving error. (0x12B)
[0213/103143.166:ERROR:process_memory_win.cc(73)] ReadMemory at 0x7ffd5f4cbb00 of 512 bytes failed: Error (0x13D) while retrieving error. (0x12B)
[0213/103143.278:ERROR:process_info.cc(359)] UncheckedAllocate
[0213/103143.279:ERROR:process_info.cc(359)] UncheckedAllocate
[0213/103143.279:ERROR:process_info.cc(359)] UncheckedAllocate
[0213/103145.101:ERROR:process_info.cc(359)] UncheckedAllocate
[0213/103145.103:ERROR:process_info.cc(359)] UncheckedAllocate
[0213/103145.108:ERROR:process_info.cc(359)] UncheckedAllocate
[0213/103145.180:ERROR:process_info.cc(359)] UncheckedAllocate
[0213/103145.186:ERROR:process_info.cc(359)] UncheckedAllocate
[0213/103145.273:ERROR:process_info.cc(359)] UncheckedAllocate
[0213/103145.337:ERROR:process_info.cc(329)] VirtualQueryEx: Access is denied. (0x5)
[0213/103145.337:ERROR:process_info.cc(556)] ReadMemoryInfo failed
[0213/103145.337:ERROR:scoped_process_suspend.cc(40)] NtResumeProcess: An attempt was made to access an exiting process. (0xc000010a)
[0213/103145.413:ERROR:process_info.cc(359)] UncheckedAllocate
[0213/103145.420:ERROR:process_info.cc(359)] UncheckedAllocate
[0213/103145.483:ERROR:process_info.cc(329)] VirtualQueryEx: Access is denied. (0x5)
[0213/103145.483:ERROR:process_info.cc(556)] ReadMemoryInfo failed
[0213/103145.483:ERROR:process_memory_win.cc(39)] Failed to initialize ProcessInfo.
[0213/103145.483:ERROR:scoped_process_suspend.cc(40)] NtResumeProcess: An attempt was made to access an exiting process. (0xc000010a)
[0213/103145.501:ERROR:process_info.cc(359)] UncheckedAllocate
[0213/103145.527:ERROR:process_memory_win.cc(73)] ReadMemory at 0x7ff68c980000 of 64 bytes failed: Only part of a ReadProcessMemory or WriteProcessMemory request was completed. (0x12B)
[0213/103145.528:WARNING:pe_image_reader.cc(340)] could not read dos header from C:\Program Files (x86)\Google\Chrome\Application\chrome.exe
[0213/103145.528:ERROR:process_memory_win.cc(73)] ReadMemory at 0x7ff68c980000 of 64 bytes failed: Only part of a ReadProcessMemory or WriteProcessMemory request was completed. (0x12B)
[0213/103145.528:WARNING:pe_image_reader.cc(340)] could not read dos header from C:\Program Files (x86)\Google\Chrome\Application\chrome.exe
[0213/103145.528:ERROR:process_memory_win.cc(73)] ReadMemory at 0x237ce9f3710 of 72 bytes failed: Only part of a ReadProcessMemory or WriteProcessMemory request was completed. (0x12B)
[0213/103145.528:WARNING:pe_image_annotations_reader.cc(134)] could not read annotations list object in C:\Program Files (x86)\Google\Chrome\Application\80.0.3987.100\chrome_elf.dll
[0213/103145.528:ERROR:process_memory_win.cc(73)] ReadMemory at 0x7ffd57dc0000 of 64 bytes failed: Only part of a ReadProcessMemory or WriteProcessMemory request was completed. (0x12B)
[0213/103145.528:WARNING:pe_image_reader.cc(340)] could not read dos header from C:\Program Files (x86)\Google\Chrome\Application\80.0.3987.100\chrome.dll
[0213/103145.528:ERROR:process_memory_win.cc(73)] ReadMemory at 0x7ffd57dc0000 of 64 bytes failed: Only part of a ReadProcessMemory or WriteProcessMemory request was completed. (0x12B)
[0213/103145.528:WARNING:pe_image_reader.cc(340)] could not read dos header from C:\Program Files (x86)\Google\Chrome\Application\80.0.3987.100\chrome.dll
[0213/103145.529:ERROR:process_memory_win.cc(73)] ReadMemory at 0x7ffdb9d70000 of 64 bytes failed: Only part of a ReadProcessMemory or WriteProcessMemory request was completed. (0x12B)
[0213/103145.529:WARNING:pe_image_reader.cc(340)] could not read dos header from C:\Windows\SYSTEM32\IPHLPAPI.DLL
[0213/103145.529:ERROR:process_memory_win.cc(73)] ReadMemory at 0x7ffdb9d70000 of 64 bytes failed: Only part of a ReadProcessMemory or WriteProcessMemory request was completed. (0x12B)
[0213/103145.529:WARNING:pe_image_reader.cc(340)] could not read dos header from C:\Windows\SYSTEM32\IPHLPAPI.DLL
[0213/103145.529:ERROR:process_memory_win.cc(73)] ReadMemory at 0x7ffdb7b70000 of 64 bytes failed: Only part of a ReadProcessMemory or WriteProcessMemory request was completed. (0x12B)
[0213/103145.529:WARNING:pe_image_reader.cc(340)] could not read dos header from C:\Windows\SYSTEM32\WINMM.dll
[0213/103145.529:ERROR:process_memory_win.cc(73)] ReadMemory at 0x7ffdb7b70000 of 64 bytes failed: Only part of a ReadProcessMemory or WriteProcessMemory request was completed. (0x12B)
[0213/103145.529:WARNING:pe_image_reader.cc(340)] could not read dos header from C:\Windows\SYSTEM32\WINMM.dll
[0213/103145.529:ERROR:process_memory_win.cc(73)] ReadMemory at 0x7ffd98e50000 of 64 bytes failed: Only part of a ReadProcessMemory or WriteProcessMemory request was completed. (0x12B)
[0213/103145.529:WARNING:pe_image_reader.cc(340)] could not read dos header from C:\Windows\SYSTEM32\Secur32.dll
[0213/103145.529:ERROR:process_memory_win.cc(73)] ReadMemory at 0x7ffd98e50000 of 64 bytes failed: Only part of a ReadProcessMemory or WriteProcessMemory request was completed. (0x12B)
[0213/103145.529:WARNING:pe_image_reader.cc(340)] could not read dos header from C:\Windows\SYSTEM32\Secur32.dll
[0213/103145.529:ERROR:process_memory_win.cc(73)] ReadMemory at 0x7ffdba710000 of 64 bytes failed: Only part of a ReadProcessMemory or WriteProcessMemory request was completed. (0x12B)
[0213/103145.529:WARNING:pe_image_reader.cc(340)] could not read dos header from C:\Windows\SYSTEM32\USERENV.dll
[0213/103145.529:ERROR:process_memory_win.cc(73)] ReadMemory at 0x7ffdba710000 of 64 bytes failed: Only part of a ReadProcessMemory or WriteProcessMemory request was completed. (0x12B)
[0213/103145.529:WARNING:pe_image_reader.cc(340)] could not read dos header from C:\Windows\SYSTEM32\USERENV.dll
[0213/103145.529:ERROR:process_memory_win.cc(73)] ReadMemory at 0x7ffdba820000 of 64 bytes failed: Only part of a ReadProcessMemory or WriteProcessMemory request was completed. (0x12B)
[0213/103145.529:WARNING:pe_image_reader.cc(340)] could not read dos header from C:\Windows\System32\profapi.dll
[0213/103145.529:ERROR:process_memory_win.cc(73)] ReadMemory at 0x7ffdba820000 of 64 bytes failed: Only part of a ReadProcessMemory or WriteProcessMemory request was completed. (0x12B)
[0213/103145.529:WARNING:pe_image_reader.cc(340)] could not read dos header from C:\Windows\System32\profapi.dll
[0213/103145.529:ERROR:process_memory_win.cc(73)] ReadMemory at 0x7ffd8fc40000 of 64 bytes failed: Only part of a ReadProcessMemory or WriteProcessMemory request was completed. (0x12B)
[0213/103145.529:WARNING:pe_image_reader.cc(340)] could not read dos header from C:\Windows\SYSTEM32\UIAutomationCore.DLL
[0213/103145.529:ERROR:process_memory_win.cc(73)] ReadMemory at 0x7ffd8fc40000 of 64 bytes failed: Only part of a ReadProcessMemory or WriteProcessMemory request was completed. (0x12B)
[0213/103145.529:WARNING:pe_image_reader.cc(340)] could not read dos header from C:\Windows\SYSTEM32\UIAutomationCore.DLL
[0213/103145.529:ERROR:process_memory_win.cc(73)] ReadMemory at 0x7ffda4fa0000 of 64 bytes failed: Only part of a ReadProcessMemory or WriteProcessMemory request was completed. (0x12B)
[0213/103145.529:WARNING:pe_image_reader.cc(340)] could not read dos header from C:\Windows\SYSTEM32\DWrite.dll
[0213/103145.529:ERROR:process_memory_win.cc(73)] ReadMemory at 0x7ffda4fa0000 of 64 bytes failed: Only part of a ReadProcessMemory or WriteProcessMemory request was completed. (0x12B)
[0213/103145.529:WARNING:pe_image_reader.cc(340)] could not read dos header from C:\Windows\SYSTEM32\DWrite.dll
[0213/103145.529:ERROR:process_memory_win.cc(73)] ReadMemory at 0x7ffda5800000 of 64 bytes failed: Only part of a ReadProcessMemory or WriteProcessMemory request was completed. (0x12B)
[0213/103145.529:WARNING:pe_image_reader.cc(340)] could not read dos header from C:\Windows\SYSTEM32\WINSPOOL.DRV
[0213/103145.529:ERROR:process_memory_win.cc(73)] ReadMemory at 0x7ffda5800000 of 64 bytes failed: Only part of a ReadProcessMemory or WriteProcessMemory request was completed. (0x12B)
[0213/103145.529:WARNING:pe_image_reader.cc(340)] could not read dos header from C:\Windows\SYSTEM32\WINSPOOL.DRV
[0213/103145.530:ERROR:process_memory_win.cc(73)] ReadMemory at 0x7ffdba800000 of 64 bytes failed: Only part of a ReadProcessMemory or WriteProcessMemory request was completed. (0x12B)
[0213/103145.530:WARNING:pe_image_reader.cc(340)] could not read dos header from C:\Windows\System32\kernel.appcore.dll
[0213/103145.530:ERROR:process_memory_win.cc(73)] ReadMemory at 0x7ffdba800000 of 64 bytes failed: Only part of a ReadProcessMemory or WriteProcessMemory request was completed. (0x12B)
[0213/103145.530:WARNING:pe_image_reader.cc(340)] could not read dos header from C:\Windows\System32\kernel.appcore.dll
[0213/103145.530:ERROR:process_memory_win.cc(73)] ReadMemory at 0x7ffdbb7f0000 of 64 bytes failed: Only part of a ReadProcessMemory or WriteProcessMemory request was completed. (0x12B)
[0213/103145.530:WARNING:pe_image_reader.cc(340)] could not read dos header from C:\Windows\System32\bcrypt.dll
[0213/103145.530:ERROR:process_memory_win.cc(73)] ReadMemory at 0x7ffdbb7f0000 of 64 bytes failed: Only part of a ReadProcessMemory or WriteProcessMemory request was completed. (0x12B)
[0213/103145.530:WARNING:pe_image_reader.cc(340)] could not read dos header from C:\Windows\System32\bcrypt.dll
[0213/103145.530:ERROR:process_memory_win.cc(73)] ReadMemory at 0x7ffdb9120000 of 64 bytes failed: Only part of a ReadProcessMemory or WriteProcessMemory request was completed. (0x12B)
[0213/103145.530:WARNING:pe_image_reader.cc(340)] could not read dos header from C:\Windows\SYSTEM32\dbghelp.dll
[0213/103145.530:ERROR:process_memory_win.cc(73)] ReadMemory at 0x7ffdb9120000 of 64 bytes failed: Only part of a ReadProcessMemory or WriteProcessMemory request was completed. (0x12B)
[0213/103145.530:WARNING:pe_image_reader.cc(340)] could not read dos header from C:\Windows\SYSTEM32\dbghelp.dll
[0213/103145.530:ERROR:process_memory_win.cc(73)] ReadMemory at 0x7ffdac2b0000 of 64 bytes failed: Only part of a ReadProcessMemory or WriteProcessMemory request was completed. (0x12B)
[0213/103145.530:WARNING:pe_image_reader.cc(340)] could not read dos header from C:\Windows\SYSTEM32\WINHTTP.dll
[0213/103145.530:ERROR:process_memory_win.cc(73)] ReadMemory at 0x7ffdac2b0000 of 64 bytes failed: Only part of a ReadProcessMemory or WriteProcessMemory request was completed. (0x12B)
[0213/103145.530:WARNING:pe_image_reader.cc(340)] could not read dos header from C:\Windows\SYSTEM32\WINHTTP.dll
[0213/103145.530:ERROR:process_memory_win.cc(73)] ReadMemory at 0x7ffdb2850000 of 64 bytes failed: Only part of a ReadProcessMemory or WriteProcessMemory request was completed. (0x12B)
[0213/103145.530:WARNING:pe_image_reader.cc(340)] could not read dos header from C:\Windows\SYSTEM32\dhcpcsvc.DLL
[0213/103145.530:ERROR:process_memory_win.cc(73)] ReadMemory at 0x7ffdb2850000 of 64 bytes failed: Only part of a ReadProcessMemory or WriteProcessMemory request was completed. (0x12B)
[0213/103145.530:WARNING:pe_image_reader.cc(340)] could not read dos header from C:\Windows\SYSTEM32\dhcpcsvc.DLL
[0213/103145.530:ERROR:process_memory_win.cc(73)] ReadMemory at 0x7ffdbc820000 of 64 bytes failed: Only part of a ReadProcessMemory or WriteProcessMemory request was completed. (0x12B)
[0213/103145.530:WARNING:pe_image_reader.cc(340)] could not read dos header from C:\Windows\System32\NSI.dll
[0213/103145.530:ERROR:process_memory_win.cc(73)] ReadMemory at 0x7ffdbc820000 of 64 bytes failed: Only part of a ReadProcessMemory or WriteProcessMemory request was completed. (0x12B)
[0213/103145.530:WARNING:pe_image_reader.cc(340)] could not read dos header from C:\Windows\System32\NSI.dll
[0213/103145.530:ERROR:process_memory_win.cc(73)] ReadMemory at 0x7ffdb7b40000 of 64 bytes failed: Only part of a ReadProcessMemory or WriteProcessMemory request was completed. (0x12B)
[0213/103145.530:WARNING:pe_image_reader.cc(340)] could not read dos header from C:\Windows\SYSTEM32\WINMMBASE.dll
[0213/103145.530:ERROR:process_memory_win.cc(73)] ReadMemory at 0x7ffdb7b40000 of 64 bytes failed: Only part of a ReadProcessMemory or WriteProcessMemory request was completed. (0x12B)
[0213/103145.530:WARNING:pe_image_reader.cc(340)] could not read dos header from C:\Windows\SYSTEM32\WINMMBASE.dll
[0213/103145.531:ERROR:process_memory_win.cc(73)] ReadMemory at 0x7ffdbb850000 of 64 bytes failed: Only part of a ReadProcessMemory or WriteProcessMemory request was completed. (0x12B)
[0213/103145.531:WARNING:pe_image_reader.cc(340)] could not read dos header from C:\Windows\System32\cfgmgr32.dll
[0213/103145.531:ERROR:process_memory_win.cc(73)] ReadMemory at 0x7ffdbb850000 of 64 bytes failed: Only part of a ReadProcessMemory or WriteProcessMemory request was completed. (0x12B)
[0213/103145.531:WARNING:pe_image_reader.cc(340)] could not read dos header from C:\Windows\System32\cfgmgr32.dll
[0213/103145.531:ERROR:process_memory_win.cc(73)] ReadMemory at 0x7ffdb8480000 of 64 bytes failed: Only part of a ReadProcessMemory or WriteProcessMemory request was completed. (0x12B)
[0213/103145.531:WARNING:pe_image_reader.cc(340)] could not read dos header from C:\Windows\SYSTEM32\PROPSYS.dll
[0213/103145.531:ERROR:process_memory_win.cc(73)] ReadMemory at 0x7ffdb8480000 of 64 bytes failed: Only part of a ReadProcessMemory or WriteProcessMemory request was completed. (0x12B)
[0213/103145.531:WARNING:pe_image_reader.cc(340)] could not read dos header from C:\Windows\SYSTEM32\PROPSYS.dll
[0213/103145.531:ERROR:process_memory_win.cc(73)] ReadMemory at 0x7ffdbc720000 of 64 bytes failed: Only part of a ReadProcessMemory or WriteProcessMemory request was completed. (0x12B)
[0213/103145.531:WARNING:pe_image_reader.cc(340)] could not read dos header from C:\Windows\System32\shcore.dll
[0213/103145.531:ERROR:process_memory_win.cc(73)] ReadMemory at 0x7ffdbc720000 of 64 bytes failed: Only part of a ReadProcessMemory or WriteProcessMemory request was completed. (0x12B)
[0213/103145.531:WARNING:pe_image_reader.cc(340)] could not read dos header from C:\Windows\System32\shcore.dll
[0213/103145.531:ERROR:process_memory_win.cc(73)] ReadMemory at 0x7ffdba6e0000 of 64 bytes failed: Only part of a ReadProcessMemory or WriteProcessMemory request was completed. (0x12B)
[0213/103145.531:WARNING:pe_image_reader.cc(340)] could not read dos header from C:\Windows\SYSTEM32\SSPICLI.DLL
[0213/103145.531:ERROR:process_memory_win.cc(73)] ReadMemory at 0x7ffdba6e0000 of 64 bytes failed: Only part of a ReadProcessMemory or WriteProcessMemory request was completed. (0x12B)
[0213/103145.531:WARNING:pe_image_reader.cc(340)] could not read dos header from C:\Windows\SYSTEM32\SSPICLI.DLL
[0213/103145.531:ERROR:process_memory_win.cc(73)] ReadMemory at 0x7ffdba230000 of 64 bytes failed: Only part of a ReadProcessMemory or WriteProcessMemory request was completed. (0x12B)
[0213/103145.531:WARNING:pe_image_reader.cc(340)] could not read dos header from C:\Windows\SYSTEM32\CRYPTBASE.DLL
[0213/103145.531:ERROR:process_memory_win.cc(73)] ReadMemory at 0x7ffdba230000 of 64 bytes failed: Only part of a ReadProcessMemory or WriteProcessMemory request was completed. (0x12B)
[0213/103145.531:WARNING:pe_image_reader.cc(340)] could not read dos header from C:\Windows\SYSTEM32\CRYPTBASE.DLL
[0213/103145.557:ERROR:process_memory_win.cc(73)] ReadMemory at 0x7ff68c980000 of 64 bytes failed: Only part of a ReadProcessMemory or WriteProcessMemory request was completed. (0x12B)
[0213/103145.557:WARNING:pe_image_reader.cc(340)] could not read dos header from C:\Program Files (x86)\Google\Chrome\Application\chrome.exe
[0213/103145.557:ERROR:process_memory_win.cc(73)] ReadMemory at 0x7ffdbd920000 of 64 bytes failed: Only part of a ReadProcessMemory or WriteProcessMemory request was completed. (0x12B)
[0213/103145.557:WARNING:pe_image_reader.cc(340)] could not read dos header from C:\Windows\SYSTEM32\ntdll.dll
[0213/103145.557:ERROR:process_memory_win.cc(73)] ReadMemory at 0x7ffdbce60000 of 64 bytes failed: Only part of a ReadProcessMemory or WriteProcessMemory request was completed. (0x12B)
[0213/103145.557:WARNING:pe_image_reader.cc(340)] could not read dos header from C:\Windows\System32\KERNEL32.DLL
[0213/103145.557:ERROR:process_memory_win.cc(73)] ReadMemory at 0x7ffdbb540000 of 64 bytes failed: Only part of a ReadProcessMemory or WriteProcessMemory request was completed. (0x12B)
[0213/103145.557:WARNING:pe_image_reader.cc(340)] could not read dos header from C:\Windows\System32\KERNELBASE.dll
[0213/103145.557:ERROR:process_memory_win.cc(73)] ReadMemory at 0x7ffd90c10000 of 64 bytes failed: Only part of a ReadProcessMemory or WriteProcessMemory request was completed. (0x12B)
[0213/103145.557:WARNING:pe_image_reader.cc(340)] could not read dos header from C:\Program Files (x86)\Google\Chrome\Application\80.0.3987.100\chrome_elf.dll
[0213/103145.557:ERROR:process_memory_win.cc(73)] ReadMemory at 0x7ffdb48f0000 of 64 bytes failed: Only part of a ReadProcessMemory or WriteProcessMemory request was completed. (0x12B)
[0213/103145.557:WARNING:pe_image_reader.cc(340)] could not read dos header from C:\Windows\SYSTEM32\VERSION.dll
[0213/103145.557:ERROR:process_memory_win.cc(73)] ReadMemory at 0x7ffdbbbc0000 of 64 bytes failed: Only part of a ReadProcessMemory or WriteProcessMemory request was completed. (0x12B)
[0213/103145.557:WARNING:pe_image_reader.cc(340)] could not read dos header from C:\Windows\System32\msvcrt.dll
[0213/103145.557:ERROR:process_memory_win.cc(73)] ReadMemory at 0x7ffdbb950000 of 64 bytes failed: Only part of a ReadProcessMemory or WriteProcessMemory request was completed. (0x12B)
[0213/103145.557:WARNING:pe_image_reader.cc(340)] could not read dos header from C:\Windows\System32\bcryptPrimitives.dll
[0213/103145.557:ERROR:process_memory_win.cc(73)] ReadMemory at 0x7ffdbb9d0000 of 64 bytes failed: Only part of a ReadProcessMemory or WriteProcessMemory request was completed. (0x12B)
[0213/103145.557:WARNING:pe_image_reader.cc(340)] could not read dos header from C:\Windows\System32\ADVAPI32.dll
[0213/103145.557:ERROR:process_memory_win.cc(73)] ReadMemory at 0x7ffdbbe60000 of 64 bytes failed: Only part of a ReadProcessMemory or WriteProcessMemory request was completed. (0x12B)
[0213/103145.557:WARNING:pe_image_reader.cc(340)] could not read dos header from C:\Windows\System32\sechost.dll
[0213/103145.557:ERROR:process_memory_win.cc(73)] ReadMemory at 0x7ffdbc0b0000 of 64 bytes failed: Only part of a ReadProcessMemory or WriteProcessMemory request was completed. (0x12B)
[0213/103145.557:WARNING:pe_image_reader.cc(340)] could not read dos header from C:\Windows\System32\RPCRT4.dll
[0213/103145.557:ERROR:process_memory_win.cc(73)] ReadMemory at 0x7ffd57dc0000 of 64 bytes failed: Only part of a ReadProcessMemory or WriteProcessMemory request was completed. (0x12B)
[0213/103145.557:WARNING:pe_image_reader.cc(340)] could not read dos header from C:\Program Files (x86)\Google\Chrome\Application\80.0.3987.100\chrome.dll
[0213/103145.557:ERROR:process_memory_win.cc(73)] ReadMemory at 0x7ffdbc640000 of 64 bytes failed: Only part of a ReadProcessMemory or WriteProcessMemory request was completed. (0x12B)
[0213/103145.557:WARNING:pe_image_reader.cc(340)] could not read dos header from C:\Windows\System32\WS2_32.dll
[0213/103145.557:ERROR:process_memory_win.cc(73)] ReadMemory at 0x7ffdbc8b0000 of 64 bytes failed: Only part of a ReadProcessMemory or WriteProcessMemory request was completed. (0x12B)
[0213/103145.557:WARNING:pe_image_reader.cc(340)] could not read dos header from C:\Windows\System32\OLEAUT32.dll
[0213/103145.557:ERROR:process_memory_win.cc(73)] ReadMemory at 0x7ffdbac20000 of 64 bytes failed: Only part of a ReadProcessMemory or WriteProcessMemory request was completed. (0x12B)
[0213/103145.557:WARNING:pe_image_reader.cc(340)] could not read dos header from C:\Windows\System32\msvcp_win.dll
[0213/103145.557:ERROR:process_memory_win.cc(73)] ReadMemory at 0x7ffdbb440000 of 64 bytes failed: Only part of a ReadProcessMemory or WriteProcessMemory request was completed. (0x12B)
[0213/103145.557:WARNING:pe_image_reader.cc(340)] could not read dos header from C:\Windows\System32\ucrtbase.dll
[0213/103145.558:ERROR:process_memory_win.cc(73)] ReadMemory at 0x7ffdbc1d0000 of 64 bytes failed: Only part of a ReadProcessMemory or WriteProcessMemory request was completed. (0x12B)
[0213/103145.558:WARNING:pe_image_reader.cc(340)] could not read dos header from C:\Windows\System32\combase.dll
[0213/103145.558:ERROR:process_memory_win.cc(73)] ReadMemory at 0x7ffdba8b0000 of 64 bytes failed: Only part of a ReadProcessMemory or WriteProcessMemory request was completed. (0x12B)
[0213/103145.558:WARNING:pe_image_reader.cc(340)] could not read dos header from C:\Windows\System32\WINTRUST.dll
[0213/103145.558:ERROR:process_memory_win.cc(73)] ReadMemory at 0x7ffdba890000 of 64 bytes failed: Only part of a ReadProcessMemory or WriteProcessMemory request was completed. (0x12B)
[0213/103145.558:WARNING:pe_image_reader.cc(340)] could not read dos header from C:\Windows\System32\MSASN1.dll
[0213/103145.558:ERROR:process_memory_win.cc(73)] ReadMemory at 0x7ffdba930000 of 64 bytes failed: Only part of a ReadProcessMemory or WriteProcessMemory request was completed. (0x12B)
[0213/103145.558:WARNING:pe_image_reader.cc(340)] could not read dos header from C:\Windows\System32\CRYPT32.dll
[0213/103145.558:ERROR:process_memory_win.cc(73)] ReadMemory at 0x7ffdb9d70000 of 64 bytes failed: Only part of a ReadProcessMemory or WriteProcessMemory request was completed. (0x12B)
[0213/103145.558:WARNING:pe_image_reader.cc(340)] could not read dos header from C:\Windows\SYSTEM32\IPHLPAPI.DLL
[0213/103145.558:ERROR:process_memory_win.cc(73)] ReadMemory at 0x7ffdb7b70000 of 64 bytes failed: Only part of a ReadProcessMemory or WriteProcessMemory request was completed. (0x12B)
[0213/103145.558:WARNING:pe_image_reader.cc(340)] could not read dos header from C:\Windows\SYSTEM32\WINMM.dll
[0213/103145.558:ERROR:process_memory_win.cc(73)] ReadMemory at 0x7ffd98e50000 of 64 bytes failed: Only part of a ReadProcessMemory or WriteProcessMemory request was completed. (0x12B)
[0213/103145.558:WARNING:pe_image_reader.cc(340)] could not read dos header from C:\Windows\SYSTEM32\Secur32.dll
[0213/103145.558:ERROR:process_memory_win.cc(73)] ReadMemory at 0x7ffdba710000 of 64 bytes failed: Only part of a ReadProcessMemory or WriteProcessMemory request was completed. (0x12B)
[0213/103145.558:WARNING:pe_image_reader.cc(340)] could not read dos header from C:\Windows\SYSTEM32\USERENV.dll
[0213/103145.558:ERROR:process_memory_win.cc(73)] ReadMemory at 0x7ffdba820000 of 64 bytes failed: Only part of a ReadProcessMemory or WriteProcessMemory request was completed. (0x12B)
[0213/103145.558:WARNING:pe_image_reader.cc(340)] could not read dos header from C:\Windows\System32\profapi.dll
[0213/103145.558:ERROR:process_memory_win.cc(73)] ReadMemory at 0x7ffd8fc40000 of 64 bytes failed: Only part of a ReadProcessMemory or WriteProcessMemory request was completed. (0x12B)
[0213/103145.558:WARNING:pe_image_reader.cc(340)] could not read dos header from C:\Windows\SYSTEM32\UIAutomationCore.DLL
[0213/103145.558:ERROR:process_memory_win.cc(73)] ReadMemory at 0x7ffda4fa0000 of 64 bytes failed: Only part of a ReadProcessMemory or WriteProcessMemory request was completed. (0x12B)
[0213/103145.558:WARNING:pe_image_reader.cc(340)] could not read dos header from C:\Windows\SYSTEM32\DWrite.dll
[0213/103145.558:ERROR:process_memory_win.cc(73)] ReadMemory at 0x7ffda5800000 of 64 bytes failed: Only part of a ReadProcessMemory or WriteProcessMemory request was completed. (0x12B)
[0213/103145.558:WARNING:pe_image_reader.cc(340)] could not read dos header from C:\Windows\SYSTEM32\WINSPOOL.DRV
[0213/103145.558:ERROR:process_memory_win.cc(73)] ReadMemory at 0x7ffdba800000 of 64 bytes failed: Only part of a ReadProcessMemory or WriteProcessMemory request was completed. (0x12B)
[0213/103145.558:WARNING:pe_image_reader.cc(340)] could not read dos header from C:\Windows\System32\kernel.appcore.dll
[0213/103145.558:ERROR:process_memory_win.cc(73)] ReadMemory at 0x7ffdbb7f0000 of 64 bytes failed: Only part of a ReadProcessMemory or WriteProcessMemory request was completed. (0x12B)
[0213/103145.558:WARNING:pe_image_reader.cc(340)] could not read dos header from C:\Windows\System32\bcrypt.dll
[0213/103145.558:ERROR:process_memory_win.cc(73)] ReadMemory at 0x7ffdb9120000 of 64 bytes failed: Only part of a ReadProcessMemory or WriteProcessMemory request was completed. (0x12B)
[0213/103145.558:WARNING:pe_image_reader.cc(340)] could not read dos header from C:\Windows\SYSTEM32\dbghelp.dll
[0213/103145.558:ERROR:process_memory_win.cc(73)] ReadMemory at 0x7ffdac2b0000 of 64 bytes failed: Only part of a ReadProcessMemory or WriteProcessMemory request was completed. (0x12B)
[0213/103145.558:WARNING:pe_image_reader.cc(340)] could not read dos header from C:\Windows\SYSTEM32\WINHTTP.dll
[0213/103145.558:ERROR:process_memory_win.cc(73)] ReadMemory at 0x7ffdb2850000 of 64 bytes failed: Only part of a ReadProcessMemory or WriteProcessMemory request was completed. (0x12B)
[0213/103145.558:WARNING:pe_image_reader.cc(340)] could not read dos header from C:\Windows\SYSTEM32\dhcpcsvc.DLL
[0213/103145.558:ERROR:process_memory_win.cc(73)] ReadMemory at 0x7ffdbc820000 of 64 bytes failed: Only part of a ReadProcessMemory or WriteProcessMemory request was completed. (0x12B)
[0213/103145.558:WARNING:pe_image_reader.cc(340)] could not read dos header from C:\Windows\System32\NSI.dll
[0213/103145.558:ERROR:process_memory_win.cc(73)] ReadMemory at 0x7ffdb7b40000 of 64 bytes failed: Only part of a ReadProcessMemory or WriteProcessMemory request was completed. (0x12B)
[0213/103145.558:WARNING:pe_image_reader.cc(340)] could not read dos header from C:\Windows\SYSTEM32\WINMMBASE.dll
[0213/103145.558:ERROR:process_memory_win.cc(73)] ReadMemory at 0x7ffdbb850000 of 64 bytes failed: Only part of a ReadProcessMemory or WriteProcessMemory request was completed. (0x12B)
[0213/103145.558:WARNING:pe_image_reader.cc(340)] could not read dos header from C:\Windows\System32\cfgmgr32.dll
[0213/103145.558:ERROR:process_memory_win.cc(73)] ReadMemory at 0x7ffdb8480000 of 64 bytes failed: Only part of a ReadProcessMemory or WriteProcessMemory request was completed. (0x12B)
[0213/103145.558:WARNING:pe_image_reader.cc(340)] could not read dos header from C:\Windows\SYSTEM32\PROPSYS.dll
[0213/103145.559:ERROR:process_memory_win.cc(73)] ReadMemory at 0x7ffdbc720000 of 64 bytes failed: Only part of a ReadProcessMemory or WriteProcessMemory request was completed. (0x12B)
[0213/103145.559:WARNING:pe_image_reader.cc(340)] could not read dos header from C:\Windows\System32\shcore.dll
[0213/103145.559:ERROR:process_memory_win.cc(73)] ReadMemory at 0x7ffdba6e0000 of 64 bytes failed: Only part of a ReadProcessMemory or WriteProcessMemory request was completed. (0x12B)
[0213/103145.559:WARNING:pe_image_reader.cc(340)] could not read dos header from C:\Windows\SYSTEM32\SSPICLI.DLL
[0213/103145.559:ERROR:process_memory_win.cc(73)] ReadMemory at 0x7ffdba230000 of 64 bytes failed: Only part of a ReadProcessMemory or WriteProcessMemory request was completed. (0x12B)
[0213/103145.559:WARNING:pe_image_reader.cc(340)] could not read dos header from C:\Windows\SYSTEM32\CRYPTBASE.DLL
[0213/103145.559:ERROR:process_memory_win.cc(73)] ReadMemory at 0x7ff68c980000 of 64 bytes failed: Only part of a ReadProcessMemory or WriteProcessMemory request was completed. (0x12B)
[0213/103145.559:WARNING:pe_image_reader.cc(340)] could not read dos header from C:\Program Files (x86)\Google\Chrome\Application\chrome.exe
[0213/103145.559:ERROR:process_memory_win.cc(73)] ReadMemory at 0x7ffdbd920000 of 64 bytes failed: Only part of a ReadProcessMemory or WriteProcessMemory request was completed. (0x12B)
[0213/103145.559:WARNING:pe_image_reader.cc(340)] could not read dos header from C:\Windows\SYSTEM32\ntdll.dll
[0213/103145.559:ERROR:process_memory_win.cc(73)] ReadMemory at 0x7ffdbce60000 of 64 bytes failed: Only part of a ReadProcessMemory or WriteProcessMemory request was completed. (0x12B)
[0213/103145.559:WARNING:pe_image_reader.cc(340)] could not read dos header from C:\Windows\System32\KERNEL32.DLL
[0213/103145.559:ERROR:process_memory_win.cc(73)] ReadMemory at 0x7ffdbb540000 of 64 bytes failed: Only part of a ReadProcessMemory or WriteProcessMemory request was completed. (0x12B)
[0213/103145.559:WARNING:pe_image_reader.cc(340)] could not read dos header from C:\Windows\System32\KERNELBASE.dll
[0213/103145.559:ERROR:process_memory_win.cc(73)] ReadMemory at 0x7ffd90c10000 of 64 bytes failed: Only part of a ReadProcessMemory or WriteProcessMemory request was completed. (0x12B)
[0213/103145.559:WARNING:pe_image_reader.cc(340)] could not read dos header from C:\Program Files (x86)\Google\Chrome\Application\80.0.3987.100\chrome_elf.dll
[0213/103145.559:ERROR:process_memory_win.cc(73)] ReadMemory at 0x7ffdb48f0000 of 64 bytes failed: Only part of a ReadProcessMemory or WriteProcessMemory request was completed. (0x12B)
[0213/103145.559:WARNING:pe_image_reader.cc(340)] could not read dos header from C:\Windows\SYSTEM32\VERSION.dll
[0213/103145.559:ERROR:process_memory_win.cc(73)] ReadMemory at 0x7ffdbbbc0000 of 64 bytes failed: Only part of a ReadProcessMemory or WriteProcessMemory request was completed. (0x12B)
[0213/103145.559:WARNING:pe_image_reader.cc(340)] could not read dos header from C:\Windows\System32\msvcrt.dll
[0213/103145.559:ERROR:process_memory_win.cc(73)] ReadMemory at 0x7ffdbb950000 of 64 bytes failed: Only part of a ReadProcessMemory or WriteProcessMemory request was completed. (0x12B)
[0213/103145.559:WARNING:pe_image_reader.cc(340)] could not read dos header from C:\Windows\System32\bcryptPrimitives.dll
[0213/103145.559:ERROR:process_memory_win.cc(73)] ReadMemory at 0x7ffdbb9d0000 of 64 bytes failed: Only part of a ReadProcessMemory or WriteProcessMemory request was completed. (0x12B)
[0213/103145.559:WARNING:pe_image_reader.cc(340)] could not read dos header from C:\Windows\System32\ADVAPI32.dll
[0213/103145.559:ERROR:process_memory_win.cc(73)] ReadMemory at 0x7ffdbbe60000 of 64 bytes failed: Only part of a ReadProcessMemory or WriteProcessMemory request was completed. (0x12B)
[0213/103145.559:WARNING:pe_image_reader.cc(340)] could not read dos header from C:\Windows\System32\sechost.dll
[0213/103145.559:ERROR:process_memory_win.cc(73)] ReadMemory at 0x7ffdbc0b0000 of 64 bytes failed: Only part of a ReadProcessMemory or WriteProcessMemory request was completed. (0x12B)
[0213/103145.559:WARNING:pe_image_reader.cc(340)] could not read dos header from C:\Windows\System32\RPCRT4.dll
[0213/103145.559:ERROR:process_memory_win.cc(73)] ReadMemory at 0x7ffd57dc0000 of 64 bytes failed: Only part of a ReadProcessMemory or WriteProcessMemory request was completed. (0x12B)
[0213/103145.560:WARNING:pe_image_reader.cc(340)] could not read dos header from C:\Program Files (x86)\Google\Chrome\Application\80.0.3987.100\chrome.dll
[0213/103145.560:ERROR:process_memory_win.cc(73)] ReadMemory at 0x7ffdbc640000 of 64 bytes failed: Only part of a ReadProcessMemory or WriteProcessMemory request was completed. (0x12B)
[0213/103145.560:WARNING:pe_image_reader.cc(340)] could not read dos header from C:\Windows\System32\WS2_32.dll
[0213/103145.560:ERROR:process_memory_win.cc(73)] ReadMemory at 0x7ffdbc8b0000 of 64 bytes failed: Only part of a ReadProcessMemory or WriteProcessMemory request was completed. (0x12B)
[0213/103145.560:WARNING:pe_image_reader.cc(340)] could not read dos header from C:\Windows\System32\OLEAUT32.dll
[0213/103145.560:ERROR:process_memory_win.cc(73)] ReadMemory at 0x7ffdbac20000 of 64 bytes failed: Only part of a ReadProcessMemory or WriteProcessMemory request was completed. (0x12B)
[0213/103145.560:WARNING:pe_image_reader.cc(340)] could not read dos header from C:\Windows\System32\msvcp_win.dll
[0213/103145.560:ERROR:process_memory_win.cc(73)] ReadMemory at 0x7ffdbb440000 of 64 bytes failed: Only part of a ReadProcessMemory or WriteProcessMemory request was completed. (0x12B)
[0213/103145.560:WARNING:pe_image_reader.cc(340)] could not read dos header from C:\Windows\System32\ucrtbase.dll
[0213/103145.560:ERROR:process_memory_win.cc(73)] ReadMemory at 0x7ffdbc1d0000 of 64 bytes failed: Only part of a ReadProcessMemory or WriteProcessMemory request was completed. (0x12B)
[0213/103145.560:WARNING:pe_image_reader.cc(340)] could not read dos header from C:\Windows\System32\combase.dll
[0213/103145.560:ERROR:process_memory_win.cc(73)] ReadMemory at 0x7ffdba8b0000 of 64 bytes failed: Only part of a ReadProcessMemory or WriteProcessMemory request was completed. (0x12B)
[0213/103145.560:WARNING:pe_image_reader.cc(340)] could not read dos header from C:\Windows\System32\WINTRUST.dll
[0213/103145.560:ERROR:process_memory_win.cc(73)] ReadMemory at 0x7ffdba890000 of 64 bytes failed: Only part of a ReadProcessMemory or WriteProcessMemory request was completed. (0x12B)
[0213/103145.560:WARNING:pe_image_reader.cc(340)] could not read dos header from C:\Windows\System32\MSASN1.dll
[0213/103145.560:ERROR:process_memory_win.cc(73)] ReadMemory at 0x7ffdba930000 of 64 bytes failed: Only part of a ReadProcessMemory or WriteProcessMemory request was completed. (0x12B)
[0213/103145.560:WARNING:pe_image_reader.cc(340)] could not read dos header from C:\Windows\System32\CRYPT32.dll
[0213/103145.560:ERROR:process_memory_win.cc(73)] ReadMemory at 0x7ffdb9d70000 of 64 bytes failed: Only part of a ReadProcessMemory or WriteProcessMemory request was completed. (0x12B)
[0213/103145.560:WARNING:pe_image_reader.cc(340)] could not read dos header from C:\Windows\SYSTEM32\IPHLPAPI.DLL
[0213/103145.560:ERROR:process_memory_win.cc(73)] ReadMemory at 0x7ffdb7b70000 of 64 bytes failed: Only part of a ReadProcessMemory or WriteProcessMemory request was completed. (0x12B)
[0213/103145.560:WARNING:pe_image_reader.cc(340)] could not read dos header from C:\Windows\SYSTEM32\WINMM.dll
[0213/103145.560:ERROR:process_memory_win.cc(73)] ReadMemory at 0x7ffd98e50000 of 64 bytes failed: Only part of a ReadProcessMemory or WriteProcessMemory request was completed. (0x12B)
[0213/103145.560:WARNING:pe_image_reader.cc(340)] could not read dos header from C:\Windows\SYSTEM32\Secur32.dll
[0213/103145.560:ERROR:process_memory_win.cc(73)] ReadMemory at 0x7ffdba710000 of 64 bytes failed: Only part of a ReadProcessMemory or WriteProcessMemory request was completed. (0x12B)
[0213/103145.560:WARNING:pe_image_reader.cc(340)] could not read dos header from C:\Windows\SYSTEM32\USERENV.dll
[0213/103145.560:ERROR:process_memory_win.cc(73)] ReadMemory at 0x7ffdba820000 of 64 bytes failed: Only part of a ReadProcessMemory or WriteProcessMemory request was completed. (0x12B)
[0213/103145.560:WARNING:pe_image_reader.cc(340)] could not read dos header from C:\Windows\System32\profapi.dll
[0213/103145.560:ERROR:process_memory_win.cc(73)] ReadMemory at 0x7ffd8fc40000 of 64 bytes failed: Only part of a ReadProcessMemory or WriteProcessMemory request was completed. (0x12B)
[0213/103145.560:WARNING:pe_image_reader.cc(340)] could not read dos header from C:\Windows\SYSTEM32\UIAutomationCore.DLL
[0213/103145.560:ERROR:process_memory_win.cc(73)] ReadMemory at 0x7ffda4fa0000 of 64 bytes failed: Only part of a ReadProcessMemory or WriteProcessMemory request was completed. (0x12B)
[0213/103145.560:WARNING:pe_image_reader.cc(340)] could not read dos header from C:\Windows\SYSTEM32\DWrite.dll
[0213/103145.560:ERROR:process_memory_win.cc(73)] ReadMemory at 0x7ffda5800000 of 64 bytes failed: Only part of a ReadProcessMemory or WriteProcessMemory request was completed. (0x12B)
[0213/103145.560:WARNING:pe_image_reader.cc(340)] could not read dos header from C:\Windows\SYSTEM32\WINSPOOL.DRV
[0213/103145.560:ERROR:process_memory_win.cc(73)] ReadMemory at 0x7ffdba800000 of 64 bytes failed: Only part of a ReadProcessMemory or WriteProcessMemory request was completed. (0x12B)
[0213/103145.560:WARNING:pe_image_reader.cc(340)] could not read dos header from C:\Windows\System32\kernel.appcore.dll
[0213/103145.560:ERROR:process_memory_win.cc(73)] ReadMemory at 0x7ffdbb7f0000 of 64 bytes failed: Only part of a ReadProcessMemory or WriteProcessMemory request was completed. (0x12B)
[0213/103145.560:WARNING:pe_image_reader.cc(340)] could not read dos header from C:\Windows\System32\bcrypt.dll
[0213/103145.560:ERROR:process_memory_win.cc(73)] ReadMemory at 0x7ffdb9120000 of 64 bytes failed: Only part of a ReadProcessMemory or WriteProcessMemory request was completed. (0x12B)
[0213/103145.560:WARNING:pe_image_reader.cc(340)] could not read dos header from C:\Windows\SYSTEM32\dbghelp.dll
[0213/103145.560:ERROR:process_memory_win.cc(73)] ReadMemory at 0x7ffdac2b0000 of 64 bytes failed: Only part of a ReadProcessMemory or WriteProcessMemory request was completed. (0x12B)
[0213/103145.560:WARNING:pe_image_reader.cc(340)] could not read dos header from C:\Windows\SYSTEM32\WINHTTP.dll
[0213/103145.561:ERROR:process_memory_win.cc(73)] ReadMemory at 0x7ffdb2850000 of 64 bytes failed: Only part of a ReadProcessMemory or WriteProcessMemory request was completed. (0x12B)
[0213/103145.561:WARNING:pe_image_reader.cc(340)] could not read dos header from C:\Windows\SYSTEM32\dhcpcsvc.DLL
[0213/103145.561:ERROR:process_memory_win.cc(73)] ReadMemory at 0x7ffdbc820000 of 64 bytes failed: Only part of a ReadProcessMemory or WriteProcessMemory request was completed. (0x12B)
[0213/103145.561:WARNING:pe_image_reader.cc(340)] could not read dos header from C:\Windows\System32\NSI.dll
[0213/103145.561:ERROR:process_memory_win.cc(73)] ReadMemory at 0x7ffdb7b40000 of 64 bytes failed: Only part of a ReadProcessMemory or WriteProcessMemory request was completed. (0x12B)
[0213/103145.561:WARNING:pe_image_reader.cc(340)] could not read dos header from C:\Windows\SYSTEM32\WINMMBASE.dll
[0213/103145.561:ERROR:process_memory_win.cc(73)] ReadMemory at 0x7ffdbb850000 of 64 bytes failed: Only part of a ReadProcessMemory or WriteProcessMemory request was completed. (0x12B)
[0213/103145.561:WARNING:pe_image_reader.cc(340)] could not read dos header from C:\Windows\System32\cfgmgr32.dll
[0213/103145.561:ERROR:process_memory_win.cc(73)] ReadMemory at 0x7ffdb8480000 of 64 bytes failed: Only part of a ReadProcessMemory or WriteProcessMemory request was completed. (0x12B)
[0213/103145.561:WARNING:pe_image_reader.cc(340)] could not read dos header from C:\Windows\SYSTEM32\PROPSYS.dll
[0213/103145.561:ERROR:process_memory_win.cc(73)] ReadMemory at 0x7ffdbc720000 of 64 bytes failed: Only part of a ReadProcessMemory or WriteProcessMemory request was completed. (0x12B)
[0213/103145.561:WARNING:pe_image_reader.cc(340)] could not read dos header from C:\Windows\System32\shcore.dll
[0213/103145.561:ERROR:process_memory_win.cc(73)] ReadMemory at 0x7ffdba6e0000 of 64 bytes failed: Only part of a ReadProcessMemory or WriteProcessMemory request was completed. (0x12B)
[0213/103145.561:WARNING:pe_image_reader.cc(340)] could not read dos header from C:\Windows\SYSTEM32\SSPICLI.DLL
[0213/103145.561:ERROR:process_memory_win.cc(73)] ReadMemory at 0x7ffdba230000 of 64 bytes failed: Only part of a ReadProcessMemory or WriteProcessMemory request was completed. (0x12B)
[0213/103145.561:WARNING:pe_image_reader.cc(340)] could not read dos header from C:\Windows\SYSTEM32\CRYPTBASE.DLL
[0213/103145.567:ERROR:process_memory_win.cc(73)] ReadMemory at 0x3f7dffb000 of 20480 bytes failed: Only part of a ReadProcessMemory or WriteProcessMemory request was completed. (0x12B)
[0213/103145.567:ERROR:process_memory_win.cc(73)] ReadMemory at 0x3f7e7fd000 of 12288 bytes failed: Only part of a ReadProcessMemory or WriteProcessMemory request was completed. (0x12B)
[0213/103145.567:ERROR:process_memory_win.cc(73)] ReadMemory at 0x3f7effd000 of 12288 bytes failed: Only part of a ReadProcessMemory or WriteProcessMemory request was completed. (0x12B)
[0213/103145.567:ERROR:process_memory_win.cc(73)] ReadMemory at 0x3f7f7fd000 of 12288 bytes failed: Only part of a ReadProcessMemory or WriteProcessMemory request was completed. (0x12B)
[0213/103145.567:ERROR:process_memory_win.cc(73)] ReadMemory at 0x3f7fffd000 of 12288 bytes failed: Only part of a ReadProcessMemory or WriteProcessMemory request was completed. (0x12B)
[0213/103145.567:ERROR:process_memory_win.cc(73)] ReadMemory at 0x3f007fe000 of 8192 bytes failed: Only part of a ReadProcessMemory or WriteProcessMemory request was completed. (0x12B)
[0213/103145.567:ERROR:process_memory_win.cc(73)] ReadMemory at 0x3f00ffd000 of 12288 bytes failed: Only part of a ReadProcessMemory or WriteProcessMemory request was completed. (0x12B)
[0213/103145.567:ERROR:process_memory_win.cc(73)] ReadMemory at 0x3f7d7e6000 of 852 bytes failed: Only part of a ReadProcessMemory or WriteProcessMemory request was completed. (0x12B)
[0213/103145.567:ERROR:process_memory_win.cc(73)] ReadMemory at 0x3f7d7e7000 of 6024 bytes failed: Only part of a ReadProcessMemory or WriteProcessMemory request was completed. (0x12B)
[0213/103145.567:ERROR:process_memory_win.cc(73)] ReadMemory at 0x3f7d7e9000 of 6024 bytes failed: Only part of a ReadProcessMemory or WriteProcessMemory request was completed. (0x12B)
[0213/103145.567:ERROR:process_memory_win.cc(73)] ReadMemory at 0x3f7d7eb000 of 6024 bytes failed: Only part of a ReadProcessMemory or WriteProcessMemory request was completed. (0x12B)
[0213/103145.568:ERROR:process_memory_win.cc(73)] ReadMemory at 0x3f7d7ed000 of 6024 bytes failed: Only part of a ReadProcessMemory or WriteProcessMemory request was completed. (0x12B)
[0213/103145.568:ERROR:process_memory_win.cc(73)] ReadMemory at 0x3f7d7ef000 of 6024 bytes failed: Only part of a ReadProcessMemory or WriteProcessMemory request was completed. (0x12B)
[0213/103145.568:ERROR:process_memory_win.cc(73)] ReadMemory at 0x3f7d7f1000 of 6024 bytes failed: Only part of a ReadProcessMemory or WriteProcessMemory request was completed. (0x12B)
[0213/103145.568:ERROR:process_memory_win.cc(73)] ReadMemory at 0x3f7d7f3000 of 6024 bytes failed: Only part of a ReadProcessMemory or WriteProcessMemory request was completed. (0x12B)
[0213/103145.568:ERROR:process_memory_win.cc(73)] ReadMemory at 0x237ce550fe0 of 4028 bytes failed: Only part of a ReadProcessMemory or WriteProcessMemory request was completed. (0x12B)
[0213/103145.568:ERROR:process_memory_win.cc(73)] ReadMemory at 0x237ce551fb0 of 1012 bytes failed: Only part of a ReadProcessMemory or WriteProcessMemory request was completed. (0x12B)
[0213/103145.568:ERROR:process_memory_win.cc(73)] ReadMemory at 0x237ce5525f8 of 118 bytes failed: Only part of a ReadProcessMemory or WriteProcessMemory request was completed. (0x12B)
[0213/103145.568:ERROR:process_memory_win.cc(73)] ReadMemory at 0x237ce552670 of 760 bytes failed: Only part of a ReadProcessMemory or WriteProcessMemory request was completed. (0x12B)
[0213/103145.568:ERROR:process_memory_win.cc(73)] ReadMemory at 0x237ce55296a of 118 bytes failed: Only part of a ReadProcessMemory or WriteProcessMemory request was completed. (0x12B)
[0213/103145.568:ERROR:process_memory_win.cc(73)] ReadMemory at 0x237ce5529e2 of 96 bytes failed: Only part of a ReadProcessMemory or WriteProcessMemory request was completed. (0x12B)
[0213/103145.568:ERROR:process_memory_win.cc(73)] ReadMemory at 0x237ce552a50 of 58 bytes failed: Only part of a ReadProcessMemory or WriteProcessMemory request was completed. (0x12B)
[0213/103145.568:ERROR:process_memory_win.cc(73)] ReadMemory at 0x237ce552b50 of 132 bytes failed: Only part of a ReadProcessMemory or WriteProcessMemory request was completed. (0x12B)
[0213/103145.568:ERROR:process_memory_win.cc(73)] ReadMemory at 0x237ce552ce0 of 132 bytes failed: Only part of a ReadProcessMemory or WriteProcessMemory request was completed. (0x12B)
[0213/103145.568:ERROR:process_memory_win.cc(73)] ReadMemory at 0x237ce552ea0 of 126 bytes failed: Only part of a ReadProcessMemory or WriteProcessMemory request was completed. (0x12B)
[0213/103145.568:ERROR:process_memory_win.cc(73)] ReadMemory at 0x237ce553280 of 132 bytes failed: Only part of a ReadProcessMemory or WriteProcessMemory request was completed. (0x12B)
[0213/103145.568:ERROR:process_memory_win.cc(73)] ReadMemory at 0x237ce553410 of 64 bytes failed: Only part of a ReadProcessMemory or WriteProcessMemory request was completed. (0x12B)
[0213/103145.568:ERROR:process_memory_win.cc(73)] ReadMemory at 0x237ce553460 of 132 bytes failed: Only part of a ReadProcessMemory or WriteProcessMemory request was completed. (0x12B)
[0213/103145.568:ERROR:process_memory_win.cc(73)] ReadMemory at 0x237ce5535d0 of 132 bytes failed: Only part of a ReadProcessMemory or WriteProcessMemory request was completed. (0x12B)
[0213/103145.568:ERROR:process_memory_win.cc(73)] ReadMemory at 0x237ce553870 of 132 bytes failed: Only part of a ReadProcessMemory or WriteProcessMemory request was completed. (0x12B)
[0213/103145.568:ERROR:process_memory_win.cc(73)] ReadMemory at 0x237ce553a00 of 68 bytes failed: Only part of a ReadProcessMemory or WriteProcessMemory request was completed. (0x12B)
[0213/103145.568:ERROR:process_memory_win.cc(73)] ReadMemory at 0x237ce554ad0 of 132 bytes failed: Only part of a ReadProcessMemory or WriteProcessMemory request was completed. (0x12B)
[0213/103145.569:ERROR:process_memory_win.cc(73)] ReadMemory at 0x237ce554c60 of 154 bytes failed: Only part of a ReadProcessMemory or WriteProcessMemory request was completed. (0x12B)
[0213/103145.569:ERROR:process_memory_win.cc(73)] ReadMemory at 0x237ce555a40 of 62 bytes failed: Only part of a ReadProcessMemory or WriteProcessMemory request was completed. (0x12B)
[0213/103145.569:ERROR:process_memory_win.cc(73)] ReadMemory at 0x237ce555a90 of 132 bytes failed: Only part of a ReadProcessMemory or WriteProcessMemory request was completed. (0x12B)
[0213/103145.569:ERROR:process_memory_win.cc(73)] ReadMemory at 0x237ce555c30 of 60 bytes failed: Only part of a ReadProcessMemory or WriteProcessMemory request was completed. (0x12B)
[0213/103145.569:ERROR:process_memory_win.cc(73)] ReadMemory at 0x237ce556120 of 132 bytes failed: Only part of a ReadProcessMemory or WriteProcessMemory request was completed. (0x12B)
[0213/103145.569:ERROR:process_memory_win.cc(73)] ReadMemory at 0x237ce5563cc of 512 bytes failed: Only part of a ReadProcessMemory or WriteProcessMemory request was completed. (0x12B)
[0213/103145.569:ERROR:process_memory_win.cc(73)] ReadMemory at 0x237ce558ed0 of 132 bytes failed: Only part of a ReadProcessMemory or WriteProcessMemory request was completed. (0x12B)
[0213/103145.569:ERROR:process_memory_win.cc(73)] ReadMemory at 0x237ce5590e0 of 132 bytes failed: Only part of a ReadProcessMemory or WriteProcessMemory request was completed. (0x12B)
[0213/103145.569:ERROR:process_memory_win.cc(73)] ReadMemory at 0x237ce55a110 of 132 bytes failed: Only part of a ReadProcessMemory or WriteProcessMemory request was completed. (0x12B)
[0213/103145.569:ERROR:process_memory_win.cc(73)] ReadMemory at 0x237ce55a590 of 80 bytes failed: Only part of a ReadProcessMemory or WriteProcessMemory request was completed. (0x12B)
[0213/103145.569:ERROR:process_memory_win.cc(73)] ReadMemory at 0x237ce55abc0 of 62 bytes failed: Only part of a ReadProcessMemory or WriteProcessMemory request was completed. (0x12B)
[0213/103145.569:ERROR:process_memory_win.cc(73)] ReadMemory at 0x237ce55ac10 of 64 bytes failed: Only part of a ReadProcessMemory or WriteProcessMemory request was completed. (0x12B)
[0213/103145.569:ERROR:process_memory_win.cc(73)] ReadMemory at 0x237ce55ac60 of 60 bytes failed: Only part of a ReadProcessMemory or WriteProcessMemory request was completed. (0x12B)
[0213/103145.569:ERROR:process_memory_win.cc(73)] ReadMemory at 0x237ce55ada0 of 60 bytes failed: Only part of a ReadProcessMemory or WriteProcessMemory request was completed. (0x12B)
[0213/103145.569:ERROR:process_memory_win.cc(73)] ReadMemory at 0x237ce55af30 of 66 bytes failed: Only part of a ReadProcessMemory or WriteProcessMemory request was completed. (0x12B)
[0213/103145.569:ERROR:process_memory_win.cc(73)] ReadMemory at 0x237ce55af80 of 64 bytes failed: Only part of a ReadProcessMemory or WriteProcessMemory request was completed. (0x12B)
[0213/103145.569:ERROR:process_memory_win.cc(73)] ReadMemory at 0x237ce55afd0 of 64 bytes failed: Only part of a ReadProcessMemory or WriteProcessMemory request was completed. (0x12B)
[0213/103145.569:ERROR:process_memory_win.cc(73)] ReadMemory at 0x237ce55b070 of 64 bytes failed: Only part of a ReadProcessMemory or WriteProcessMemory request was completed. (0x12B)
[0213/103145.569:ERROR:process_memory_win.cc(73)] ReadMemory at 0x237ce55b0c0 of 62 bytes failed: Only part of a ReadProcessMemory or WriteProcessMemory request was completed. (0x12B)
[0213/103145.569:ERROR:process_memory_win.cc(73)] ReadMemory at 0x237ce55b3d0 of 80 bytes failed: Only part of a ReadProcessMemory or WriteProcessMemory request was completed. (0x12B)
[0213/103145.569:ERROR:process_memory_win.cc(73)] ReadMemory at 0x237ce55b970 of 76 bytes failed: Only part of a ReadProcessMemory or WriteProcessMemory request was completed. (0x12B)
[0213/103145.570:ERROR:process_memory_win.cc(73)] ReadMemory at 0x237ce55cc90 of 512 bytes failed: Only part of a ReadProcessMemory or WriteProcessMemory request was completed. (0x12B)
[0213/103145.570:ERROR:process_memory_win.cc(73)] ReadMemory at 0x237ce55dec0 of 132 bytes failed: Only part of a ReadProcessMemory or WriteProcessMemory request was completed. (0x12B)
[0213/103145.570:ERROR:process_memory_win.cc(73)] ReadMemory at 0x237ce55e690 of 132 bytes failed: Only part of a ReadProcessMemory or WriteProcessMemory request was completed. (0x12B)
[0213/103145.570:ERROR:process_memory_win.cc(73)] ReadMemory at 0x237ce55e9e0 of 132 bytes failed: Only part of a ReadProcessMemory or WriteProcessMemory request was completed. (0x12B)
[0213/103145.570:ERROR:process_memory_win.cc(73)] ReadMemory at 0x237ce55eb10 of 132 bytes failed: Only part of a ReadProcessMemory or WriteProcessMemory request was completed. (0x12B)
[0213/103145.570:ERROR:process_memory_win.cc(73)] ReadMemory at 0x237ce55ed30 of 132 bytes failed: Only part of a ReadProcessMemory or WriteProcessMemory request was completed. (0x12B)
[0213/103145.570:ERROR:process_memory_win.cc(73)] ReadMemory at 0x237ce55fdc0 of 54 bytes failed: Only part of a ReadProcessMemory or WriteProcessMemory request was completed. (0x12B)
[0213/103145.570:ERROR:process_memory_win.cc(73)] ReadMemory at 0x237ce562210 of 146 bytes failed: Only part of a ReadProcessMemory or WriteProcessMemory request was completed. (0x12B)
[0213/103145.570:ERROR:process_memory_win.cc(73)] ReadMemory at 0x237ce563d50 of 132 bytes failed: Only part of a ReadProcessMemory or WriteProcessMemory request was completed. (0x12B)
[0213/103145.570:ERROR:process_memory_win.cc(73)] ReadMemory at 0x237ce563e80 of 132 bytes failed: Only part of a ReadProcessMemory or WriteProcessMemory request was completed. (0x12B)
[0213/103145.570:ERROR:process_memory_win.cc(73)] ReadMemory at 0x237ce563fb0 of 132 bytes failed: Only part of a ReadProcessMemory or WriteProcessMemory request was completed. (0x12B)
[0213/103145.570:ERROR:process_memory_win.cc(73)] ReadMemory at 0x237ce5640e0 of 132 bytes failed: Only part of a ReadProcessMemory or WriteProcessMemory request was completed. (0x12B)
[0213/103145.570:ERROR:process_memory_win.cc(73)] ReadMemory at 0x237ce564210 of 132 bytes failed: Only part of a ReadProcessMemory or WriteProcessMemory request was completed. (0x12B)
[0213/103145.570:ERROR:process_memory_win.cc(73)] ReadMemory at 0x237ce564340 of 132 bytes failed: Only part of a ReadProcessMemory or WriteProcessMemory request was completed. (0x12B)
[0213/103145.570:ERROR:process_memory_win.cc(73)] ReadMemory at 0x237ce564470 of 132 bytes failed: Only part of a ReadProcessMemory or WriteProcessMemory request was completed. (0x12B)
[0213/103145.570:ERROR:process_memory_win.cc(73)] ReadMemory at 0x237ce5645a0 of 132 bytes failed: Only part of a ReadProcessMemory or WriteProcessMemory request was completed. (0x12B)
[0213/103145.570:ERROR:process_memory_win.cc(73)] ReadMemory at 0x237ce5646d0 of 132 bytes failed: Only part of a ReadProcessMemory or WriteProcessMemory request was completed. (0x12B)
[0213/103145.570:ERROR:process_memory_win.cc(73)] ReadMemory at 0x237ce564800 of 132 bytes failed: Only part of a ReadProcessMemory or WriteProcessMemory request was completed. (0x12B)
[0213/103145.570:ERROR:process_memory_win.cc(73)] ReadMemory at 0x237ce564930 of 132 bytes failed: Only part of a ReadProcessMemory or WriteProcessMemory request was completed. (0x12B)
[0213/103145.570:ERROR:process_memory_win.cc(73)] ReadMemory at 0x237ce564b90 of 132 bytes failed: Only part of a ReadProcessMemory or WriteProcessMemory request was completed. (0x12B)
[0213/103145.570:ERROR:process_memory_win.cc(73)] ReadMemory at 0x237ce564fe0 of 62 bytes failed: Only part of a ReadProcessMemory or WriteProcessMemory request was completed. (0x12B)
[0213/103145.571:ERROR:process_memory_win.cc(73)] ReadMemory at 0x237ce565030 of 60 bytes failed: Only part of a ReadProcessMemory or WriteProcessMemory request was completed. (0x12B)
[0213/103145.571:ERROR:process_memory_win.cc(73)] ReadMemory at 0x237ce565080 of 66 bytes failed: Only part of a ReadProcessMemory or WriteProcessMemory request was completed. (0x12B)
[0213/103145.571:ERROR:process_memory_win.cc(73)] ReadMemory at 0x237ce5650d0 of 60 bytes failed: Only part of a ReadProcessMemory or WriteProcessMemory request was completed. (0x12B)
[0213/103145.571:ERROR:process_memory_win.cc(73)] ReadMemory at 0x237ce565210 of 62 bytes failed: Only part of a ReadProcessMemory or WriteProcessMemory request was completed. (0x12B)
[0213/103145.571:ERROR:process_memory_win.cc(73)] ReadMemory at 0x237ce565350 of 62 bytes failed: Only part of a ReadProcessMemory or WriteProcessMemory request was completed. (0x12B)
[0213/103145.571:ERROR:process_memory_win.cc(73)] ReadMemory at 0x237ce5653a0 of 62 bytes failed: Only part of a ReadProcessMemory or WriteProcessMemory request was completed. (0x12B)
[0213/103145.571:ERROR:process_memory_win.cc(73)] ReadMemory at 0x237ce5654e0 of 64 bytes failed: Only part of a ReadProcessMemory or WriteProcessMemory request was completed. (0x12B)
[0213/103145.571:ERROR:process_memory_win.cc(73)] ReadMemory at 0x237ce565710 of 64 bytes failed: Only part of a ReadProcessMemory or WriteProcessMemory request was completed. (0x12B)
[0213/103145.571:ERROR:process_memory_win.cc(73)] ReadMemory at 0x237ce5657b0 of 62 bytes failed: Only part of a ReadProcessMemory or WriteProcessMemory request was completed. (0x12B)
[0213/103145.571:ERROR:process_memory_win.cc(73)] ReadMemory at 0x237ce565800 of 62 bytes failed: Only part of a ReadProcessMemory or WriteProcessMemory request was completed. (0x12B)
[0213/103145.571:ERROR:process_memory_win.cc(73)] ReadMemory at 0x237ce565b20 of 60 bytes failed: Only part of a ReadProcessMemory or WriteProcessMemory request was completed. (0x12B)
[0213/103145.571:ERROR:process_memory_win.cc(73)] ReadMemory at 0x237ce565cb0 of 62 bytes failed: Only part of a ReadProcessMemory or WriteProcessMemory request was completed. (0x12B)
[0213/103145.571:ERROR:process_memory_win.cc(73)] ReadMemory at 0x237ce565d00 of 60 bytes failed: Only part of a ReadProcessMemory or WriteProcessMemory request was completed. (0x12B)
[0213/103145.571:ERROR:process_memory_win.cc(73)] ReadMemory at 0x237ce565d50 of 64 bytes failed: Only part of a ReadProcessMemory or WriteProcessMemory request was completed. (0x12B)
[0213/103145.571:ERROR:process_memory_win.cc(73)] ReadMemory at 0x237ce565da0 of 58 bytes failed: Only part of a ReadProcessMemory or WriteProcessMemory request was completed. (0x12B)
[0213/103145.571:ERROR:process_memory_win.cc(73)] ReadMemory at 0x237ce565df0 of 62 bytes failed: Only part of a ReadProcessMemory or WriteProcessMemory request was completed. (0x12B)
[0213/103145.571:ERROR:process_memory_win.cc(73)] ReadMemory at 0x237ce565f30 of 64 bytes failed: Only part of a ReadProcessMemory or WriteProcessMemory request was completed. (0x12B)
[0213/103145.571:ERROR:process_memory_win.cc(73)] ReadMemory at 0x237ce566250 of 132 bytes failed: Only part of a ReadProcessMemory or WriteProcessMemory request was completed. (0x12B)
[0213/103145.571:ERROR:process_memory_win.cc(73)] ReadMemory at 0x237ce566380 of 132 bytes failed: Only part of a ReadProcessMemory or WriteProcessMemory request was completed. (0x12B)
[0213/103145.571:ERROR:process_memory_win.cc(73)] ReadMemory at 0x237ce566710 of 132 bytes failed: Only part of a ReadProcessMemory or WriteProcessMemory request was completed. (0x12B)
[0213/103145.572:ERROR:process_memory_win.cc(73)] ReadMemory at 0x237ce566840 of 132 bytes failed: Only part of a ReadProcessMemory or WriteProcessMemory request was completed. (0x12B)
[0213/103145.572:ERROR:process_memory_win.cc(73)] ReadMemory at 0x237ce566aa0 of 132 bytes failed: Only part of a ReadProcessMemory or WriteProcessMemory request was completed. (0x12B)
[0213/103145.572:ERROR:process_memory_win.cc(73)] ReadMemory at 0x237ce566d00 of 132 bytes failed: Only part of a ReadProcessMemory or WriteProcessMemory request was completed. (0x12B)
[0213/103145.572:ERROR:process_memory_win.cc(73)] ReadMemory at 0x237ce567090 of 132 bytes failed: Only part of a ReadProcessMemory or WriteProcessMemory request was completed. (0x12B)
[0213/103145.572:ERROR:process_memory_win.cc(73)] ReadMemory at 0x237ce5671c0 of 132 bytes failed: Only part of a ReadProcessMemory or WriteProcessMemory request was completed. (0x12B)
[0213/103145.572:ERROR:process_memory_win.cc(73)] ReadMemory at 0x237ce5672f0 of 132 bytes failed: Only part of a ReadProcessMemory or WriteProcessMemory request was completed. (0x12B)
[0213/103145.572:ERROR:process_memory_win.cc(73)] ReadMemory at 0x237ce567420 of 132 bytes failed: Only part of a ReadProcessMemory or WriteProcessMemory request was completed. (0x12B)
[0213/103145.572:ERROR:process_memory_win.cc(73)] ReadMemory at 0x237ce57cf60 of 512 bytes failed: Only part of a ReadProcessMemory or WriteProcessMemory request was completed. (0x12B)
[0213/103145.572:ERROR:process_memory_win.cc(73)] ReadMemory at 0x237ceab70d8 of 520 bytes failed: Only part of a ReadProcessMemory or WriteProcessMemory request was completed. (0x12B)
[0213/103145.572:ERROR:process_memory_win.cc(73)] ReadMemory at 0x237ceac0000 of 384 bytes failed: Only part of a ReadProcessMemory or WriteProcessMemory request was completed. (0x12B)
[0213/103145.572:ERROR:process_memory_win.cc(73)] ReadMemory at 0x237ceb03f20 of 512 bytes failed: Only part of a ReadProcessMemory or WriteProcessMemory request was completed. (0x12B)
[0213/103145.572:ERROR:process_memory_win.cc(73)] ReadMemory at 0x237ceb2ccb0 of 512 bytes failed: Only part of a ReadProcessMemory or WriteProcessMemory request was completed. (0x12B)
[0213/103145.572:ERROR:process_memory_win.cc(73)] ReadMemory at 0x237ceb3ad50 of 512 bytes failed: Only part of a ReadProcessMemory or WriteProcessMemory request was completed. (0x12B)
[0213/103145.572:ERROR:process_memory_win.cc(73)] ReadMemory at 0x7ffd5e123760 of 512 bytes failed: Only part of a ReadProcessMemory or WriteProcessMemory request was completed. (0x12B)
[0213/103145.572:ERROR:process_memory_win.cc(73)] ReadMemory at 0x7ffd5f1c6898 of 512 bytes failed: Only part of a ReadProcessMemory or WriteProcessMemory request was completed. (0x12B)
[0213/103145.572:ERROR:process_memory_win.cc(73)] ReadMemory at 0x7ffd5f1c7fe8 of 512 bytes failed: Only part of a ReadProcessMemory or WriteProcessMemory request was completed. (0x12B)
[0213/103145.572:ERROR:process_memory_win.cc(73)] ReadMemory at 0x7ffd5f2714e0 of 512 bytes failed: Only part of a ReadProcessMemory or WriteProcessMemory request was completed. (0x12B)
[0213/103145.572:ERROR:process_memory_win.cc(73)] ReadMemory at 0x7ffdbb57a7b9 of 512 bytes failed: Only part of a ReadProcessMemory or WriteProcessMemory request was completed. (0x12B)
[0213/103145.572:ERROR:process_memory_win.cc(73)] ReadMemory at 0x7ffdbb7ab6d0 of 512 bytes failed: Only part of a ReadProcessMemory or WriteProcessMemory request was completed. (0x12B)
[0213/103145.572:ERROR:process_memory_win.cc(73)] ReadMemory at 0x7ffdbd9bc0c4 of 672 bytes failed: Only part of a ReadProcessMemory or WriteProcessMemory request was completed. (0x12B)
[0213/103145.573:ERROR:process_memory_win.cc(73)] ReadMemory at 0x7ffdbd9bc6c4 of 512 bytes failed: Only part of a ReadProcessMemory or WriteProcessMemory request was completed. (0x12B)
[0213/103145.573:ERROR:process_memory_win.cc(73)] ReadMemory at 0x7ffdbd9bf9d4 of 512 bytes failed: Only part of a ReadProcessMemory or WriteProcessMemory request was completed. (0x12B)
[0213/103145.573:ERROR:process_memory_win.cc(73)] ReadMemory at 0x7ffdbda4c428 of 18 bytes failed: Only part of a ReadProcessMemory or WriteProcessMemory request was completed. (0x12B)
[0213/103145.573:ERROR:process_memory_win.cc(73)] ReadMemory at 0x7ffdbda7f4f8 of 40 bytes failed: Only part of a ReadProcessMemory or WriteProcessMemory request was completed. (0x12B)
[0213/103145.573:ERROR:process_memory_win.cc(73)] ReadMemory at 0x7ffdbda7f978 of 48 bytes failed: Only part of a ReadProcessMemory or WriteProcessMemory request was completed. (0x12B)
[0213/103145.573:ERROR:process_memory_win.cc(73)] ReadMemory at 0x7ffdbda853c0 of 64 bytes failed: Only part of a ReadProcessMemory or WriteProcessMemory request was completed. (0x12B)
[0213/103145.574:ERROR:process_info.cc(359)] UncheckedAllocate
[0213/103145.575:ERROR:scoped_process_suspend.cc(40)] NtResumeProcess: An attempt was made to access an exiting process. (0xc000010a)
[0213/103145.582:ERROR:process_info.cc(359)] UncheckedAllocate
